


ARM Macro Assembler    Page 1 


    1 00000000                 AREA             Countdown, CODE, READONLY
    2 00000000                 IMPORT           main
    3 00000000                 EXPORT           start
    4 00000000         
    5 00000000         start
    6 00000000 E59F1068        LDR              R1, =cdWord ; Load start addres
                                                            s of word
    7 00000004 E59F2068        LDR              R2, =cdLetters ; Load start add
                                                            ress of letters
    8 00000008         
    9 00000008 E3A00001        MOV              R0, #1      ;assume that the le
                                                            tters can be formed
                                                             and try to prove o
                                                            therwise
   10 0000000C         ;strings are null terminated, so step through each chara
                       cter until the 0 character is found,
   11 0000000C         ;when a matching character is found, store the $ sign to
                        show the character has been used, if the string
   12 0000000C         ;isnt compatible store 0 in R0
   13 0000000C         
   14 0000000C         
   15 0000000C         
   16 0000000C         
   17 0000000C         
   18 0000000C         
   19 0000000C         loopcdWordStart
   20 0000000C         
   21 0000000C         ;THIS WAS HIGHER UP
   22 0000000C E1A08002        MOV              R8, R2      ;keep a copy of the
                                                             second loop
   23 00000010         
   24 00000010 E5D15000        LDRB             R5, [R1]    ;cdWord = Memory.ad
                                                            dress[cdWords]
   25 00000014         
   26 00000014 E3550000        CMP              R5, #0      ;while (cdWord!=0)
   27 00000018 0A000013        BEQ              endLoopcdWord ;{
   28 0000001C         
   29 0000001C E3A07000        LDR              R7, =0      ;LetterFound = 0
   30 00000020         
   31 00000020         
   32 00000020         loopcdLetterStart
   33 00000020 E3560000        CMP              R6, #0      ;while (cdLetter !=
                                                             0 && !LetterFound)
                                                            
   34 00000024 0A00000A        BEQ              endLoopcdLetter
   35 00000028 E3570000        CMP              R7, #0
   36 0000002C 1A000008        BNE              endLoopcdLetter ;{
   37 00000030         
   38 00000030 E5D86000        LDRB             R6, [R8]    ;cdLetter = Memory.
                                                            address[cdLetter]
   39 00000034 E3A07000        MOV              R7, #0      ;set letterFound to
                                                             false
   40 00000038 E1550006        CMP              R5, R6      ;if (letterReadcdWo
                                                            rd(cdWordCounter) =
                                                            = letterReadcdLette
                                                            rs(cdLetterCounter)
                                                            )
   41 0000003C 1A000002        BNE              noMatch
   42 00000040 E3A07001        LDR              R7, =1      ;letterFound = true



ARM Macro Assembler    Page 2 


                                                            ;
   43 00000044 E3A0A024        MOV              R10, #'$'
   44 00000048 E5C8A000        STRB             R10, [R8]   ;letterReadcdLetter
                                                            s = '$'
   45 0000004C         
   46 0000004C         noMatch                              ;}
   47 0000004C         
   48 0000004C E2888001        ADD              R8, R8, #1  ;AddrcdLetters++
   49 00000050 EAFFFFF2        B                loopcdLetterStart
   50 00000054         endLoopcdLetter
   51 00000054         
   52 00000054         ;end if the letter wasnt found
   53 00000054 E3570000        CMP              R7, #0      ;if (letterFound ==
                                                             0)
   54 00000058 1A000001        BNE              skipCompare
   55 0000005C E3A00000        MOV              R0, #0      ;if the letter isnt
                                                             found then the wor
                                                            d cannot be formed 
                                                            and the program sho
                                                            uld stop
   56 00000060 EA000001        B                stop
   57 00000064         
   58 00000064         skipCompare
   59 00000064 E2811001        ADD              R1, R1, #1  ;cdWordAddr++
   60 00000068 EAFFFFE7        B                loopcdWordStart
   61 0000006C         endLoopcdWord
   62 0000006C         
   63 0000006C         
   64 0000006C         
   65 0000006C EAFFFFFE 
                       stop    B                stop
   66 00000070         
   67 00000070         
   68 00000070         
   69 00000070 00000000 
              00000000         AREA             TestData, DATA, READWRITE
   70 00000000         
   71 00000000         cdWord
   72 00000000 6C 61 64 
              79 00            DCB              "lady",0
   73 00000005         
   74 00000005         cdLetters
   75 00000005 64 61 65 
              74 65 62 
              7A 73 62 
              00               DCB              "daetebzsb",0
   76 0000000F         
   77 0000000F                 END
Command Line: --debug --xref --apcs=interwork --depend=.\countdown.d -o.\countd
own.o -IC:\Keil\ARM\RV31\INC -IC:\Keil\ARM\CMSIS\Include -IC:\Keil\ARM\Inc\Phil
ips --predefine="__EVAL SETA 1" --predefine="__MICROLIB SETA 1" --predefine="NO
_CLOCK_SETUP SETA 1" --predefine="NO_EMC_SETUP SETA 1" --predefine="RAM_INTVEC 
SETA 1" --predefine="RAM_MODE SETA 1" --predefine="REMAP SETA 1" --list=.\count
down.lst Countdown.s



ARM Macro Assembler    Page 1 Alphabetic symbol ordering
Relocatable symbols

Countdown 00000000

Symbol: Countdown
   Definitions
      At line 1 in file Countdown.s
   Uses
      None
Comment: Countdown unused
endLoopcdLetter 00000054

Symbol: endLoopcdLetter
   Definitions
      At line 50 in file Countdown.s
   Uses
      At line 34 in file Countdown.s
      At line 36 in file Countdown.s

endLoopcdWord 0000006C

Symbol: endLoopcdWord
   Definitions
      At line 61 in file Countdown.s
   Uses
      At line 27 in file Countdown.s
Comment: endLoopcdWord used once
loopcdLetterStart 00000020

Symbol: loopcdLetterStart
   Definitions
      At line 32 in file Countdown.s
   Uses
      At line 49 in file Countdown.s
Comment: loopcdLetterStart used once
loopcdWordStart 0000000C

Symbol: loopcdWordStart
   Definitions
      At line 19 in file Countdown.s
   Uses
      At line 60 in file Countdown.s
Comment: loopcdWordStart used once
noMatch 0000004C

Symbol: noMatch
   Definitions
      At line 46 in file Countdown.s
   Uses
      At line 41 in file Countdown.s
Comment: noMatch used once
skipCompare 00000064

Symbol: skipCompare
   Definitions
      At line 58 in file Countdown.s
   Uses
      At line 54 in file Countdown.s
Comment: skipCompare used once
start 00000000




ARM Macro Assembler    Page 2 Alphabetic symbol ordering
Relocatable symbols

Symbol: start
   Definitions
      At line 5 in file Countdown.s
   Uses
      At line 3 in file Countdown.s
Comment: start used once
stop 0000006C

Symbol: stop
   Definitions
      At line 65 in file Countdown.s
   Uses
      At line 56 in file Countdown.s
      At line 65 in file Countdown.s

9 symbols



ARM Macro Assembler    Page 1 Alphabetic symbol ordering
Relocatable symbols

TestData 00000000

Symbol: TestData
   Definitions
      At line 69 in file Countdown.s
   Uses
      None
Comment: TestData unused
cdLetters 00000005

Symbol: cdLetters
   Definitions
      At line 74 in file Countdown.s
   Uses
      At line 7 in file Countdown.s
Comment: cdLetters used once
cdWord 00000000

Symbol: cdWord
   Definitions
      At line 71 in file Countdown.s
   Uses
      At line 6 in file Countdown.s
Comment: cdWord used once
3 symbols



ARM Macro Assembler    Page 1 Alphabetic symbol ordering
External symbols

main 00000000

Symbol: main
   Definitions
      At line 2 in file Countdown.s
   Uses
      None
Comment: main unused
1 symbol
352 symbols in table
